<?xml version="1.0" encoding="UTF-8"?>
<testng-results ignored="0" total="1" passed="1" failed="0" skipped="0">
  <reporter-output>
  </reporter-output>
  <suite started-at="2022-10-30T20:39:57 IST" name="Default suite" finished-at="2022-10-30T20:40:39 IST" duration-ms="42073">
    <groups>
    </groups>
    <test started-at="2022-10-30T20:39:57 IST" name="Default test" finished-at="2022-10-30T20:40:39 IST" duration-ms="42073">
      <class name="data_driven_framework5POI.TestUsingPOI">
        <test-method signature="LoginTest()[pri:0, instance:data_driven_framework5POI.TestUsingPOI@6b19b79]" started-at="2022-10-30T20:39:57 IST" name="LoginTest" finished-at="2022-10-30T20:40:39 IST" duration-ms="42036" status="PASS">
          <reporter-output>
          </reporter-output>
        </test-method> <!-- LoginTest -->
      </class> <!-- data_driven_framework5POI.TestUsingPOI -->
    </test> <!-- Default test -->
  </suite> <!-- Default suite -->
</testng-results>
