<?xml version="1.0" encoding="UTF-8"?>
<!-- Generated by org.testng.reporters.JUnitXMLReporter -->
<testsuite ignored="0" hostname="arunachalam-Satellite-C50-A422" failures="1" tests="3" name="Test" time="0.068" errors="0" timestamp="2022-10-08T23:15:22 IST">
  <testcase classname="testng_handson.SampleCases12" name="actualTest" time="0.012"/>
  <testcase classname="testng_handson.SampleCases12" name="failCase" time="0.005">
    <failure type="java.lang.AssertionError" message="expected [true] but found [false]">
      <![CDATA[java.lang.AssertionError: expected [true] but found [false]
at testng_handson.SampleCases12.failCase(SampleCases12.java:25)
at java.base/java.util.ArrayList.forEach(ArrayList.java:1541)
... Removed 31 stack frames]]>
    </failure>
  </testcase> <!-- failCase -->
  <testcase classname="testng_handson.SampleCases12" name="skipCase" time="0.002">
    <skipped/>
  </testcase> <!-- skipCase -->
</testsuite> <!-- Test -->
