<?xml version="1.0" encoding="UTF-8"?>
<!-- Generated by org.testng.reporters.JUnitXMLReporter -->
<testsuite ignored="0" hostname="arunachalam-Satellite-C50-A422" failures="0" tests="3" name="ParllelTest" time="5.828" errors="0" timestamp="2022-10-08T20:18:30 IST">
  <testcase classname="testng_handson.ParallelTestCaseExecution_9" name="openBing" time="4.047"/>
  <testcase classname="testng_handson.ParallelTestCaseExecution_9" name="openDuckGO" time="4.953"/>
  <testcase classname="testng_handson.ParallelTestCaseExecution_9" name="openGoogle" time="5.776"/>
</testsuite> <!-- ParllelTest -->
