<?xml version="1.0" encoding="UTF-8"?>
<!-- Generated by org.testng.reporters.JUnitXMLReporter -->
<testsuite ignored="2" hostname="arunachalam-Satellite-C50-A422" failures="0" tests="4" name="Testcase group1 " time="0.062" errors="0" timestamp="2022-09-27T22:15:59 IST">
  <testcase classname="testng_handson.GroupingOfTestCases_7" name="apple1" time="0.01"/>
  <testcase classname="testng_handson.GroupingOfTestCases_7" name="apple2" time="0.002"/>
  <testcase classname="testng_handson.GroupingOfTestCases_7" name="moto1" time="0.002"/>
  <testcase classname="testng_handson.GroupingOfTestCases_7" name="moto2" time="0.002"/>
  <testcase classname="testng_handson.GroupingOfTestCases_7" name="vivo1" time="0.0">
    <ignored/>
  </testcase> <!-- vivo1 -->
  <testcase classname="testng_handson.GroupingOfTestCases_7" name="vivo2" time="0.0">
    <ignored/>
  </testcase> <!-- vivo2 -->
</testsuite> <!-- Testcase group1  -->
