<?xml version="1.0" encoding="UTF-8"?>
<!-- Generated by org.testng.reporters.JUnitXMLReporter -->
<testsuite ignored="0" hostname="arunachalam-Satellite-C50-A422" failures="0" tests="7" name="Default test" time="0.094" errors="0" timestamp="2022-09-10T19:48:49 IST">
  <testcase classname="testng_handson.DriveACar" name="healthCheck" time="0.009"/>
  <testcase classname="testng_handson.DriveACar" name="putNetural" time="0.002"/>
  <testcase classname="testng_handson.DriveACar" name="startCar" time="0.001"/>
  <testcase classname="testng_handson.DriveACar" name="put1stGear" time="0.001"/>
  <testcase classname="testng_handson.DriveACar" name="put2ndGear" time="0.002"/>
  <testcase classname="testng_handson.DriveACar" name="put3rdGear" time="0.006"/>
  <testcase classname="testng_handson.SettingPriority_2" name="check" time="0.004"/>
</testsuite> <!-- Default test -->
